es/yy/ClearThunderQq2/proguard/seeds.txt
com.byc.qqclearthunder2.R$array: int speed
com.byc.qqclearthunder2.R$dimen: int activity_horizontal_margin
com.byc.qqclearthunder2.R$dimen: int activity_vertical_margin
com.byc.qqclearthunder2.R$drawable: int bj
com.byc.qqclearthunder2.R$drawable: int c0
com.byc.qqclearthunder2.R$drawable: int c1
com.byc.qqclearthunder2.R$drawable: int c2
com.byc.qqclearthunder2.R$drawable: int c3
com.byc.qqclearthunder2.R$drawable: int c4
com.byc.qqclearthunder2.R$drawable: int c5
com.byc.qqclearthunder2.R$drawable: int c6
com.byc.qqclearthunder2.R$drawable: int c7
com.byc.qqclearthunder2.R$drawable: int c8
com.byc.qqclearthunder2.R$drawable: int c9
com.byc.qqclearthunder2.R$drawable: int float_button_get
com.byc.qqclearthunder2.R$drawable: int float_button_ret
com.byc.qqclearthunder2.R$drawable: int ic_launcher
com.byc.qqclearthunder2.R$drawable: int m0
com.byc.qqclearthunder2.R$drawable: int m1
com.byc.qqclearthunder2.R$drawable: int m2
com.byc.qqclearthunder2.R$drawable: int m3
com.byc.qqclearthunder2.R$drawable: int m4
com.byc.qqclearthunder2.R$drawable: int m5
com.byc.qqclearthunder2.R$drawable: int m6
com.byc.qqclearthunder2.R$drawable: int m7
com.byc.qqclearthunder2.R$drawable: int m8
com.byc.qqclearthunder2.R$drawable: int m9
com.byc.qqclearthunder2.R$drawable: int p0
com.byc.qqclearthunder2.R$drawable: int p1
com.byc.qqclearthunder2.R$drawable: int p2
com.byc.qqclearthunder2.R$drawable: int p3
com.byc.qqclearthunder2.R$drawable: int p4
com.byc.qqclearthunder2.R$drawable: int p5
com.byc.qqclearthunder2.R$drawable: int p6
com.byc.qqclearthunder2.R$drawable: int p7
com.byc.qqclearthunder2.R$drawable: int p8
com.byc.qqclearthunder2.R$drawable: int p9
com.byc.qqclearthunder2.R$id: int ImageView01
com.byc.qqclearthunder2.R$id: int LinearLayout1
com.byc.qqclearthunder2.R$id: int ScrollView1
com.byc.qqclearthunder2.R$id: int action_calculate
com.byc.qqclearthunder2.R$id: int action_floatwindow
com.byc.qqclearthunder2.R$id: int action_settings
com.byc.qqclearthunder2.R$id: int btClose
com.byc.qqclearthunder2.R$id: int btConcel
com.byc.qqclearthunder2.R$id: int btOK
com.byc.qqclearthunder2.R$id: int btReg
com.byc.qqclearthunder2.R$id: int btStart
com.byc.qqclearthunder2.R$id: int etPWD
com.byc.qqclearthunder2.R$id: int etRegCode
com.byc.qqclearthunder2.R$id: int ll_content
com.byc.qqclearthunder2.R$id: int rbAnyThunder
com.byc.qqclearthunder2.R$id: int rbAutoClearThunder
com.byc.qqclearthunder2.R$id: int rbAutoReadThunderPos
com.byc.qqclearthunder2.R$id: int rbAutoReturn
com.byc.qqclearthunder2.R$id: int rbChildrenSound
com.byc.qqclearthunder2.R$id: int rbCloseSound
com.byc.qqclearthunder2.R$id: int rbDoubleThunder
com.byc.qqclearthunder2.R$id: int rbFemaleSound
com.byc.qqclearthunder2.R$id: int rbFen
com.byc.qqclearthunder2.R$id: int rbFiveThunder
com.byc.qqclearthunder2.R$id: int rbFourThunder
com.byc.qqclearthunder2.R$id: int rbHead
com.byc.qqclearthunder2.R$id: int rbJiao
com.byc.qqclearthunder2.R$id: int rbMaleSound
com.byc.qqclearthunder2.R$id: int rbManualReturn
com.byc.qqclearthunder2.R$id: int rbMiddle
com.byc.qqclearthunder2.R$id: int rbMotionMaleSound
com.byc.qqclearthunder2.R$id: int rbSemiAutoClearThunder
com.byc.qqclearthunder2.R$layout: int activity_camera
com.byc.qqclearthunder2.R$layout: int activity_lock
com.byc.qqclearthunder2.R$layout: int activity_main
com.byc.qqclearthunder2.R$layout: int activity_splash
com.byc.qqclearthunder2.R$layout: int float_click_delay_show
com.byc.qqclearthunder2.R$layout: int float_lock
com.byc.qqclearthunder2.R$layout: int float_window_layout
com.byc.qqclearthunder2.R$menu: int main
...
com.baidu.tts.b.b.a.a
com.baidu.tts.b.b.a.a: com.baidu.tts.b.b.a a
com.baidu.tts.b.b.a.a: com.baidu.tts.b.b.a.b b
com.baidu.tts.b.b.a.a: a()
com.baidu.tts.b.b.a.a: com.baidu.tts.b.b.a.b a()
com.baidu.tts.b.b.a.a: void a(com.baidu.tts.b.b.a.b)
com.baidu.tts.b.b.a.a: com.baidu.tts.aop.tts.TtsError g()
com.baidu.tts.b.b.a.a: void h()
com.baidu.tts.b.b.a.a: void i()
com.baidu.tts.b.b.a.a: void j()
com.baidu.tts.b.b.a.a: void k()
com.baidu.tts.b.b.a.a: void l()
com.baidu.tts.b.b.a.a: void a(java.lang.Object)
com.baidu.tts.b.b.a.a: void a(com.baidu.tts.b.b.a)
com.baidu.tts.b.b.a.a: void o()
com.baidu.tts.b.b.a.a: void a(com.baidu.tts.m.h)
com.baidu.tts.b.b.a.a: int a(float,float)
com.baidu.tts.b.b.a.a: int a(int)
com.baidu.tts.b.b.a.a: void b(com.baidu.tts.m.h)
com.baidu.tts.b.b.a.a: void c(com.baidu.tts.m.h)
com.baidu.tts.b.b.a.a: void d(com.baidu.tts.m.h)
com.baidu.tts.b.b.a.b
com.baidu.tts.b.b.a.b: com.baidu.tts.b.b.a.f a
com.baidu.tts.b.b.a.b: b(com.baidu.tts.b.b.a.f)
com.baidu.tts.b.b.a.b: com.baidu.tts.aop.tts.TtsError b()
com.baidu.tts.b.b.a.b: void a()
com.baidu.tts.b.b.a.b: void c()
com.baidu.tts.b.b.a.b: void d()
com.baidu.tts.b.b.a.b: void e()
com.baidu.tts.b.b.a.b: void f()
com.baidu.tts.b.b.a.b: void a(java.lang.Object)
com.baidu.tts.b.b.a.b: void a(com.baidu.tts.b.b.a)
com.baidu.tts.b.b.a.b: void o()
com.baidu.tts.b.b.a.b: void a(com.baidu.tts.m.h)
com.baidu.tts.b.b.a.b: int a(float,float)
com.baidu.tts.b.b.a.b: int a(int)
com.baidu.tts.b.b.a.b: void a(com.baidu.tts.b.b.a.b)
com.baidu.tts.b.b.a.c
com.baidu.tts.b.b.a.c: void a(java.lang.Object)
com.baidu.tts.b.b.a.c: void a(com.baidu.tts.b.b.a)
com.baidu.tts.b.b.a.c: void o()
com.baidu.tts.b.b.a.c: void a(com.baidu.tts.m.h)
com.baidu.tts.b.b.a.c: int a(float,float)
com.baidu.tts.b.b.a.c: int a(int)
com.baidu.tts.b.b.a.d
com.baidu.tts.b.b.a.d: d(com.baidu.tts.b.b.a.f)
com.baidu.tts.b.b.a.d: void a()
com.baidu.tts.b.b.a.d: void f()
com.baidu.tts.b.b.a.d: void a(com.baidu.tts.m.h)
com.baidu.tts.b.b.a.d: void o()
com.baidu.tts.b.b.a.e
com.baidu.tts.b.b.a.e: e(com.baidu.tts.b.b.a.f)
com.baidu.tts.b.b.a.e: void c()
com.baidu.tts.b.b.a.e: void e()
com.baidu.tts.b.b.a.e: void f()
com.baidu.tts.b.b.a.e: void o()
com.baidu.tts.b.b.a.e: void a(com.baidu.tts.m.h)
com.baidu.tts.b.b.a.f
com.baidu.tts.b.b.a.f: java.util.concurrent.ThreadPoolExecutor c
com.baidu.tts.b.b.a.f: com.baidu.tts.b.b.b.c f
com.baidu.tts.b.b.a.f: com.baidu.tts.b.b.a.h g
com.baidu.tts.b.b.a.f: com.baidu.tts.b.b.a.d h
com.baidu.tts.b.b.a.f: com.baidu.tts.b.b.a.g i
com.baidu.tts.b.b.a.f: com.baidu.tts.b.b.a.e j
com.baidu.tts.b.b.a.f: f()
com.baidu.tts.b.b.a.f: boolean m()
com.baidu.tts.b.b.a.f: boolean n()
com.baidu.tts.b.b.a.f: com.baidu.tts.b.b.a.h p()
com.baidu.tts.b.b.a.f: com.baidu.tts.b.b.a.d q()
com.baidu.tts.b.b.a.f: com.baidu.tts.b.b.a.g r()
com.baidu.tts.b.b.a.f: com.baidu.tts.b.b.a.e s()
com.baidu.tts.b.b.a.f: com.baidu.tts.aop.tts.TtsError t()
com.baidu.tts.b.b.a.f: void u()
com.baidu.tts.b.b.a.f: void v()
com.baidu.tts.b.b.a.f: void w()
com.baidu.tts.b.b.a.f: void x()
com.baidu.tts.b.b.a.f: void y()
com.baidu.tts.b.b.a.f: void e(com.baidu.tts.m.h)
com.baidu.tts.b.b.a.f: void z()
com.baidu.tts.b.b.a.f: void b(java.lang.Object)
com.baidu.tts.b.b.a.f: void b(com.baidu.tts.b.b.a)
com.baidu.tts.b.b.a.f: int b(float,float)
com.baidu.tts.b.b.a.f: int b(int)
com.baidu.tts.b.b.a.f: com.baidu.tts.b.b.b.c a(com.baidu.tts.b.b.a.f)
com.baidu.tts.b.b.a.f$1
com.baidu.tts.b.b.a.f$1: com.baidu.tts.b.b.a.f a
com.baidu.tts.b.b.a.f$1: f$1(com.baidu.tts.b.b.a.f)
com.baidu.tts.b.b.a.f$1: void a(com.baidu.tts.m.h)
com.baidu.tts.b.b.a.f$1: void b(com.baidu.tts.m.h)
com.baidu.tts.b.b.a.f$1: void c(com.baidu.tts.m.h)
com.baidu.tts.b.b.a.f$a
com.baidu.tts.b.b.a.f$a: com.baidu.tts.m.h b
com.baidu.tts.b.b.a.f$a: com.baidu.tts.b.b.a.f a
com.baidu.tts.b.b.a.f$a: f$a(com.baidu.tts.b.b.a.f,com.baidu.tts.m.h)
com.baidu.tts.b.b.a.f$a: void run()