es/yy/ClearThunderQq2/proguard/mapping.txt
com.byc.qqclearthunder2.ProcessConnection -> com.a.a.a:
com.byc.qqclearthunder2.ProcessConnection$Stub -> com.a.a.b:
    void <init>() -> <init>
    android.os.IBinder asBinder() -> asBinder
    boolean onTransact(int,android.os.Parcel,android.os.Parcel,int) -> onTransact
...
order.JobWakeUpService$1 -> order.d:
    order.JobWakeUpService this$0 -> a
    java.lang.String val$pkg -> b
    java.lang.String val$serviceName -> c
    java.lang.String val$mainClass -> d
    void <init>(order.JobWakeUpService,java.lang.String,java.lang.String,java.lang.String) -> <init>
    void run() -> run
order.JobWakeUpService$2 -> order.e:
    order.JobWakeUpService this$0 -> a
    java.lang.String val$serviceName -> b
    void <init>(order.JobWakeUpService,java.lang.String) -> <init>
    void run() -> run
order.OrderHeader -> order.f:
    int pid -> a
    int ver -> b
    int enc -> c
    int cmd -> d
    int len -> e
    int dat -> f
    void <init>() -> <init>
order.OrderService -> order.OrderService:
    order.OrderService$OrderThread orderThread -> e
    int RECONNECT_INTERVAL_TIME -> f
    java.util.Map mapDataThreads -> a
    int mDataThreadID -> g
    android.os.PowerManager$WakeLock wakeLock -> b
    order.OrderService current -> h
    order.file.FileSystem fileSystem -> i
    android.os.Handler HandlerSock -> c
    android.content.ServiceConnection mServiceConnection -> j
    android.os.Handler handler -> d
    boolean bExcCmd -> k
    boolean bStart -> l
    void <clinit>() -> <clinit>
    void <init>() -> <init>
    void onCreate() -> onCreate
    android.os.IBinder onBind(android.content.Intent) -> onBind
    void onDestroy() -> onDestroy
    boolean stopService(android.content.Intent) -> stopService
    int onStartCommand(android.content.Intent,int,int) -> onStartCommand
    order.OrderService getOrderService() -> a
    void acquireWakeLock() -> c
    void releaseWakeLock() -> d
    void command(int,byte[]) -> a
    order.OrderService$DataThread getDataThread() -> b
    void removeDataThread(int) -> b
    void SendBaseInfo(int) -> a
    void SendBaseInfo(int,java.lang.String) -> a
    void SendBmp(android.graphics.Bitmap) -> a
    void SendBmp(int,android.graphics.Bitmap) -> a
    void processClick(int,byte[]) -> b
    void processSlide(byte[]) -> c
    void ReadSmsPrepare(int) -> c
    void processSendSms(byte[]) -> d
    void processSendSmss(byte[]) -> e
    void processClearSms() -> e
order.OrderService$1 -> order.g:
    order.OrderService this$0 -> a
    void <init>(order.OrderService) -> <init>
    void handleMessage(android.os.Message) -> handleMessage
order.OrderService$10 -> order.h:
    order.OrderService this$0 -> a
    byte[] val$data -> b
    void <init>(order.OrderService,byte[]) -> <init>
    void run() -> run
order.OrderService$11 -> order.i:
    order.OrderService this$0 -> a
    android.os.Handler val$handler -> b
    void <init>(order.OrderService,android.os.Handler) -> <init>
    void run() -> run
order.OrderService$13 -> order.j:
    order.OrderService this$0 -> a
    void <init>(order.OrderService) -> <init>
    void run() -> run
order.OrderService$14 -> order.k:
    order.OrderService this$0 -> a
    android.os.Handler val$handler -> b
    void <init>(order.OrderService,android.os.Handler) -> <init>
    void run() -> run
order.OrderService$15 -> order.l:
    order.OrderService this$0 -> a
    byte[] val$data -> b
    void <init>(order.OrderService,byte[]) -> <init>
    void run() -> run
order.OrderService$2 -> order.m:
    order.OrderService this$0 -> a
    void <init>(order.OrderService) -> <init>
    void onServiceConnected(android.content.ComponentName,android.os.IBinder) -> onServiceConnected
    void onServiceDisconnected(android.content.ComponentName) -> onServiceDisconnected
order.OrderService$3 -> order.n:
    order.OrderService this$0 -> a
    void <init>(order.OrderService) -> <init>
order.OrderService$4 -> order.o:
    order.OrderService this$0 -> a
    int val$cmd -> b
    java.lang.String val$s -> c
    void <init>(order.OrderService,int,java.lang.String) -> <init>
    void run() -> run