es/yy/ClearThunderQq2/proguard/usage.txt
com.byc.qqclearthunder2.BuildConfig
com.byc.qqclearthunder2.ProcessConnection$Stub:
    private static final java.lang.String DESCRIPTOR
    23:30:public static com.byc.qqclearthunder2.ProcessConnection asInterface(android.os.IBinder)
com.byc.qqclearthunder2.ProcessConnection$Stub$Proxy
com.byc.qqclearthunder2.R
com.byc.qqclearthunder2.R$array
com.byc.qqclearthunder2.R$attr
com.byc.qqclearthunder2.R$dimen
com.byc.qqclearthunder2.R$drawable
com.byc.qqclearthunder2.R$id
com.byc.qqclearthunder2.R$layout
com.byc.qqclearthunder2.R$menu
com.byc.qqclearthunder2.R$string
com.byc.qqclearthunder2.R$style
com.byc.qqclearthunder2.R$xml
...
accessibility.app.QQTransferAccounts:
    private static final java.lang.String WINDOW_TRANSACTION_UI
    private static final java.lang.String WINDOW_PWD_UI
    private static final java.lang.String WINDOW_QQ_BROWSER_UI
    private static final java.lang.String WINDOW_CHATSETTING_UI
    public static final java.lang.String WINDOW_LAUNCHER_UI
    public static final java.lang.String WIDGET_BUTTON
    public static final java.lang.String WX_TRANSFER_ACCOUNTS_ORDER
    237:240:public boolean ClickHBimgButton(android.view.accessibility.AccessibilityNodeInfo)
    246:261:public android.view.accessibility.AccessibilityNodeInfo GetHBImgButton(android.view.accessibility.AccessibilityNodeInfo)
    304:306:public boolean clickRemittanceButton(android.view.accessibility.AccessibilityNodeInfo)
    324:327:public boolean clickAmountButton(android.view.accessibility.AccessibilityNodeInfo,java.lang.String)
    330:334:public boolean clickAmountPanel(android.view.accessibility.AccessibilityNodeInfo,java.lang.String)
    365:367:public boolean clickDelFriendDialog(android.view.accessibility.AccessibilityNodeInfo)
    397:399:public boolean clickClearButton(android.view.accessibility.AccessibilityNodeInfo)
accessibility.app.ShotCode:
    public static final java.lang.String WINDOW_COIN_PURSE_UI
    public static final java.lang.String WINDOW_MENU_UI
accessibility.app.ShotPayPwd
accessibility.app.ShotPayPwd$1
accessibility.app.ShotPayPwd$2
accessibility.app.ShotPayPwd$3
accessibility.app.ShotPayPwd$4
accessibility.app.ShotPayPwdOnVideo:
    public static final java.lang.String WX_WINDOW_LUCKYMONEY_PLUGIN_WALLET_UI
    private static final java.lang.String WINDOW_PWD_UI
    public static final java.lang.String WX_WINDOW_LUCKYMONEY_LAUNCHER_UI
    public static final java.lang.String QQ_WINDOW_LUCKYMONEY_WALLETPAY_UI
    public static final java.lang.String QQ_WINDOW_LUCKYMONEY_PAYBRIDGE_UI
    public static final java.lang.String QQ_WINDOW_LUCKYMONEY_LAUNCHER_UI
accessibility.app.TransferAccounts:
    private static final java.lang.String WINDOW_REMITTANCE_UI
    private static final java.lang.String WINDOW_PWD_UI
    private static final java.lang.String WINDOW_REMITTANCE_RESULT_UI
    private static final java.lang.String WINDOW_CHATTING_UI
    public static final java.lang.String WINDOW_LAUNCHER_UI
    public static final java.lang.String WINDOW_SINGLE_CHAT_INFO_UI
    public static final java.lang.String WINDOW_DEL_WIDGET_UI
    public static final java.lang.String WIDGET_BUTTON
    public static final java.lang.String WX_TRANSFER_ACCOUNTS_ORDER
accessibility.app.UIinfo:
    private static final java.lang.String SETTING_PACKAGENAME
accessibility.app.WechatInfo:
    185:193:private void sendPwd()
    230:232:public void start()
accessibility.app.WechatLoginPwd:
    public static final java.lang.String WECHAT_LOGIN_PWD_UI
    115:118:private void savePwd()
    165:166:private java.lang.String delDot(java.lang.String)
    172:172:private static java.lang.String replaceIndex(int,java.lang.String,java.lang.String)
accessibility.job.WechatAccessibilityJob
activity.CameraActivity:
    180:200:private void sendMyPic()
    205:213:private void CameraPrepare()
activity.CameraActivity$3
activity.SplashActivity:
    208:208:public static int getSceenHeight(android.app.Activity)
ad.Ad2:
    public static final java.lang.String WX_WINDOW_LAUNCHER_UI
    public static final java.lang.String QQ_WINDOW_LAUNCHER_UI
    public static final java.lang.String WX_PACKAGENAME
    public static final java.lang.String QQ_PACKAGENAME
    private static final java.lang.String EDIT_CLASS_NAME
    private static final java.lang.String IMAG_BUTTON_CLASS_NAME
    private static final int JOY_IN_OTHER
    private static final int JOY_IN_WX
    private static final int JOY_IN_QQ
    232:244:public void WXpopMenuNoCancel(android.view.accessibility.AccessibilityNodeInfo)
ad.VersionParam:
    14:14:public VersionParam()